\BOOKMARK [0][]{chapter.1}{Introduction To Organisation}{}% 1
\BOOKMARK [1][]{section.1.1}{Testing and Consutancy Cell}{chapter.1}% 2
\BOOKMARK [0][]{chapter.2}{Introduction To Project}{}% 3
\BOOKMARK [1][]{section.2.1}{Overview}{chapter.2}% 4
\BOOKMARK [1][]{section.2.2}{The Existing System}{chapter.2}% 5
\BOOKMARK [1][]{section.2.3}{User Requirement Analysis}{chapter.2}% 6
\BOOKMARK [1][]{section.2.4}{Feasibility Analysis}{chapter.2}% 7
\BOOKMARK [1][]{section.2.5}{Objective of Project}{chapter.2}% 8
\BOOKMARK [0][]{chapter.3}{Project Design}{}% 9
\BOOKMARK [1][]{section.3.1}{Software Requirement Analysis}{chapter.3}% 10
\BOOKMARK [2][]{subsection.3.1.1}{Functional Requirements}{section.3.1}% 11
\BOOKMARK [2][]{subsection.3.1.2}{Non functional requirements}{section.3.1}% 12
\BOOKMARK [1][]{section.3.2}{Dependencies}{chapter.3}% 13
\BOOKMARK [1][]{section.3.3}{DFDs}{chapter.3}% 14
\BOOKMARK [0][]{chapter.4}{DEVELOPMENT AND IMPLEMENTATION}{}% 15
\BOOKMARK [1][]{section.4.1}{Python}{chapter.4}% 16
\BOOKMARK [2][]{subsection.4.1.1}{Features of Python}{section.4.1}% 17
\BOOKMARK [2][]{subsection.4.1.2}{Installation of Python}{section.4.1}% 18
\BOOKMARK [1][]{section.4.2}{FreeCAD}{chapter.4}% 19
\BOOKMARK [2][]{subsection.4.2.1}{FreeCAD's features}{section.4.2}% 20
\BOOKMARK [3][]{subsubsection.4.2.1.1}{Key features}{subsection.4.2.1}% 21
\BOOKMARK [2][]{subsection.4.2.2}{FreeCAD workbenches used in this project}{section.4.2}% 22
\BOOKMARK [2][]{subsection.4.2.3}{Part module}{section.4.2}% 23
\BOOKMARK [3][]{subsubsection.4.2.3.1}{Draft module}{subsection.4.2.3}% 24
\BOOKMARK [2][]{subsection.4.2.4}{Drawing module}{section.4.2}% 25
\BOOKMARK [2][]{subsection.4.2.5}{Design implementation using Python scripting language}{section.4.2}% 26
\BOOKMARK [3][]{subsubsection.4.2.5.1}{Writing python code}{subsection.4.2.5}% 27
\BOOKMARK [2][]{subsection.4.2.6}{Macros}{section.4.2}% 28
\BOOKMARK [1][]{section.4.3}{Inkscape}{chapter.4}% 29
\BOOKMARK [2][]{subsection.4.3.1}{About SVG}{section.4.3}% 30
\BOOKMARK [2][]{subsection.4.3.2}{Objectives of the SVG Format}{section.4.3}% 31
\BOOKMARK [2][]{subsection.4.3.3}{Export PDF macro}{section.4.3}% 32
\BOOKMARK [3][]{subsubsection.4.3.3.1}{What does it do?}{subsection.4.3.3}% 33
\BOOKMARK [3][]{subsubsection.4.3.3.2}{How to use it}{subsection.4.3.3}% 34
\BOOKMARK [1][]{section.4.4}{C++}{chapter.4}% 35
\BOOKMARK [1][]{section.4.5}{Front End Languages and Framework}{chapter.4}% 36
\BOOKMARK [2][]{subsection.4.5.1}{HTML}{section.4.5}% 37
\BOOKMARK [2][]{subsection.4.5.2}{CSS}{section.4.5}% 38
\BOOKMARK [2][]{subsection.4.5.3}{Javascript}{section.4.5}% 39
\BOOKMARK [2][]{subsection.4.5.4}{Materialize}{section.4.5}% 40
\BOOKMARK [1][]{section.4.6}{Introduction to Django}{chapter.4}% 41
\BOOKMARK [2][]{subsection.4.6.1}{Features of Django}{section.4.6}% 42
\BOOKMARK [2][]{subsection.4.6.2}{Installation of Django}{section.4.6}% 43
\BOOKMARK [2][]{subsection.4.6.3}{MTV}{section.4.6}% 44
\BOOKMARK [2][]{subsection.4.6.4}{Creating Prject in Django}{section.4.6}% 45
\BOOKMARK [2][]{subsection.4.6.5}{Development Server in Django}{section.4.6}% 46
\BOOKMARK [2][]{subsection.4.6.6}{Database setup}{section.4.6}% 47
\BOOKMARK [1][]{section.4.7}{Introduction to LaTeX}{chapter.4}% 48
\BOOKMARK [2][]{subsection.4.7.1}{Typesetting}{section.4.7}% 49
\BOOKMARK [2][]{subsection.4.7.2}{Installing LaTeX on System}{section.4.7}% 50
\BOOKMARK [2][]{subsection.4.7.3}{Graphical Editors for LaTeX}{section.4.7}% 51
\BOOKMARK [2][]{subsection.4.7.4}{Pdfscreen LaTeX}{section.4.7}% 52
\BOOKMARK [2][]{subsection.4.7.5}{Web based graphic generation using LaTeX}{section.4.7}% 53
\BOOKMARK [1][]{section.4.8}{Introduction to Github}{chapter.4}% 54
\BOOKMARK [2][]{subsection.4.8.1}{What is Git?}{section.4.8}% 55
\BOOKMARK [2][]{subsection.4.8.2}{Installation of Git}{section.4.8}% 56
\BOOKMARK [2][]{subsection.4.8.3}{Various Git Commands}{section.4.8}% 57
\BOOKMARK [3][]{subsubsection.4.8.3.1}{Create Repositories}{subsection.4.8.3}% 58
\BOOKMARK [3][]{subsubsection.4.8.3.2}{Make Changes}{subsection.4.8.3}% 59
\BOOKMARK [3][]{subsubsection.4.8.3.3}{Group Changes}{subsection.4.8.3}% 60
\BOOKMARK [3][]{subsubsection.4.8.3.4}{Save Fragments}{subsection.4.8.3}% 61
\BOOKMARK [3][]{subsubsection.4.8.3.5}{Synchronize Changes}{subsection.4.8.3}% 62
\BOOKMARK [1][]{section.4.9}{Implementation}{chapter.4}% 63
\BOOKMARK [2][]{subsection.4.9.1}{Upload STAAD.Pro file}{section.4.9}% 64
\BOOKMARK [2][]{subsection.4.9.2}{Query}{section.4.9}% 65
\BOOKMARK [2][]{subsection.4.9.3}{Automation of Drawings}{section.4.9}% 66
\BOOKMARK [3][]{subsubsection.4.9.3.1}{Enter Building specifications}{subsection.4.9.3}% 67
\BOOKMARK [3][]{subsubsection.4.9.3.2}{Download project as zip}{subsection.4.9.3}% 68
\BOOKMARK [3][]{subsubsection.4.9.3.3}{View 3D model}{subsection.4.9.3}% 69
\BOOKMARK [1][]{section.4.10}{Adminstration Login}{chapter.4}% 70
\BOOKMARK [1][]{section.4.11}{Testing}{chapter.4}% 71
\BOOKMARK [0][]{chapter.5}{CONCLUSION AND FUTURE SCOPE}{}% 72
\BOOKMARK [1][]{section.5.1}{Conclusion}{chapter.5}% 73
\BOOKMARK [1][]{section.5.2}{Future Scope}{chapter.5}% 74
